<?xml version="1.0" encoding="UTF-8"?>
<testng-results ignored="0" total="1" passed="1" failed="0" skipped="0">
  <reporter-output>
  </reporter-output>
  <suite started-at="2023-07-04T10:07:12 IST" name="Default suite" finished-at="2023-07-04T10:07:27 IST" duration-ms="14983">
    <groups>
    </groups>
    <test started-at="2023-07-04T10:07:12 IST" name="Default test" finished-at="2023-07-04T10:07:27 IST" duration-ms="14983">
      <class name="testcases.signuptestcases">
        <test-method signature="veriftsignup()[pri:0, instance:testcases.signuptestcases@6221a451]" started-at="2023-07-04T10:07:12 IST" name="veriftsignup" finished-at="2023-07-04T10:07:27 IST" duration-ms="14913" status="PASS">
          <reporter-output>
          </reporter-output>
        </test-method> <!-- veriftsignup -->
      </class> <!-- testcases.signuptestcases -->
    </test> <!-- Default test -->
  </suite> <!-- Default suite -->
</testng-results>
